<?xml version="1.0" encoding="UTF-8"?>
<robot generator="Robot 6.1.1 (Python 3.11.0 on darwin)" generated="20230821 16:53:59.117" rpa="false" schemaversion="4">
<suite id="s1" name="Demo" source="/Users/jeetsingh/workspace/appman/robot-framework-template/Testcases/demo.robot">
<test id="s1-t1" name="Open Browser" line="5">
<kw name="Open Browser" library="SeleniumLibrary">
<arg>https://www.google.com</arg>
<arg>chrome</arg>
<doc>Opens a new browser instance to the optional ``url``.</doc>
<msg timestamp="20230821 16:53:59.184" level="INFO">Opening browser 'chrome' to base url 'https://www.google.com'.</msg>
<status status="PASS" starttime="20230821 16:53:59.184" endtime="20230821 16:54:28.480"/>
</kw>
<kw name="Maximize Browser Window" library="SeleniumLibrary">
<doc>Maximizes current browser window.</doc>
<status status="PASS" starttime="20230821 16:54:28.481" endtime="20230821 16:54:28.940"/>
</kw>
<kw name="Set Selenium Speed" library="SeleniumLibrary">
<arg>0.5s</arg>
<doc>Sets the delay that is waited after each Selenium command.</doc>
<status status="PASS" starttime="20230821 16:54:28.940" endtime="20230821 16:54:28.940"/>
</kw>
<kw name="Input Text" library="SeleniumLibrary">
<arg>name=q</arg>
<arg>Hello World</arg>
<doc>Types the given ``text`` into the text field identified by ``locator``.</doc>
<msg timestamp="20230821 16:54:28.941" level="INFO">Typing text 'Hello World' into text field 'name=q'.</msg>
<status status="PASS" starttime="20230821 16:54:28.940" endtime="20230821 16:54:30.584"/>
</kw>
<kw name="Click Button" library="SeleniumLibrary">
<arg>name=btnK</arg>
<doc>Clicks the button identified by ``locator``.</doc>
<msg timestamp="20230821 16:54:30.586" level="INFO">Clicking button 'name=btnK'.</msg>
<status status="PASS" starttime="20230821 16:54:30.585" endtime="20230821 16:54:32.821"/>
</kw>
<kw name="Capture Page Screenshot" library="SeleniumLibrary">
<doc>Takes a screenshot of the current page and embeds it into a log file.</doc>
<msg timestamp="20230821 16:54:35.320" level="INFO" html="true">&lt;/td&gt;&lt;/tr&gt;&lt;tr&gt;&lt;td colspan="3"&gt;&lt;a href="selenium-screenshot-1.png"&gt;&lt;img src="selenium-screenshot-1.png" width="800px"&gt;&lt;/a&gt;</msg>
<status status="PASS" starttime="20230821 16:54:32.822" endtime="20230821 16:54:35.320"/>
</kw>
<kw name="Close Browser" library="SeleniumLibrary">
<doc>Closes the current browser.</doc>
<status status="PASS" starttime="20230821 16:54:35.321" endtime="20230821 16:54:35.897"/>
</kw>
<status status="PASS" starttime="20230821 16:53:59.183" endtime="20230821 16:54:35.898"/>
</test>
<status status="PASS" starttime="20230821 16:53:59.118" endtime="20230821 16:54:35.899"/>
</suite>
<statistics>
<total>
<stat pass="1" fail="0" skip="0">All Tests</stat>
</total>
<tag>
</tag>
<suite>
<stat pass="1" fail="0" skip="0" id="s1" name="Demo">Demo</stat>
</suite>
</statistics>
<errors>
</errors>
</robot>
